<testsuites id="" name="" tests="1" failures="0" skipped="0" errors="0" time="9.87848">
<testsuite name="google-search.spec.ts" timestamp="2025-09-02T00:02:43.593Z" hostname="Google Chrome" tests="1" failures="0" skipped="0" time="6.03" errors="0">
<testcase name="Google Search Tests › PROJ-001: should perform basic Google search" classname="google-search.spec.ts" time="6.03">
<system-out>
<![CDATA[2025-09-02 05:32:48 [[32minfo[39m]: 🧪 Test started: Google Search Test Setup
2025-09-02 05:32:48 [[32minfo[39m]: Navigating to: https://www.google.com
2025-09-02 05:32:51 [[32minfo[39m]: 🧪 Test started: Basic Google search for: Playwright automation
2025-09-02 05:32:51 [[32minfo[39m]: 📝 Step: Performing Google search
2025-09-02 05:32:51 [[32minfo[39m]: Performing Google search for: Playwright automation
2025-09-02 05:32:51 [[32minfo[39m]: Search completed for: Playwright automation
2025-09-02 05:32:51 [[32minfo[39m]: ✅ Test passed: Basic Google search
]]>
</system-out>
</testcase>
</testsuite>
</testsuites>